Using pre-set license
Built from '2020.3/staging' branch; Version is '2020.3.38f1 (8f5fde82e2dc) revision 9396190'; Using compiler version '192528614'; Build Type 'Release'
OS: 'Windows 10  (10.0.19045) 64bit CoreSingleLanguage' Language: 'tr' Physical Memory: 16282 MB
BatchMode: 1, IsHumanControllingUs: 0, StartBugReporterOnCrash: 0, Is64bit: 1, IsPro: 0

COMMAND LINE ARGUMENTS:
C:\Program Files\Unity\Hub\Editor\2020.3.38f1\Editor\Unity.exe
-adb2
-batchMode
-noUpm
-name
AssetImportWorker0
-projectPath
D:/UnityProjectsD/SpaceWarTurkcellGYUnity/UzayOyunuTGY
-logFile
Logs/AssetImportWorker0.log
-srvPort
60863
Successfully changed project path to: D:/UnityProjectsD/SpaceWarTurkcellGYUnity/UzayOyunuTGY
D:/UnityProjectsD/SpaceWarTurkcellGYUnity/UzayOyunuTGY
Using Asset Import Pipeline V2.
Refreshing native plugins compatible for Editor in 78.58 ms, found 3 plugins.
Preloading 0 native plugins for Editor in 0.00 ms.
Initialize engine version: 2020.3.38f1 (8f5fde82e2dc)
[Subsystems] Discovering subsystems at path C:/Program Files/Unity/Hub/Editor/2020.3.38f1/Editor/Data/Resources/UnitySubsystems
[Subsystems] Discovering subsystems at path D:/UnityProjectsD/SpaceWarTurkcellGYUnity/UzayOyunuTGY/Assets
GfxDevice: creating device client; threaded=0
Direct3D:
    Version:  Direct3D 11.0 [level 11.0]
    Renderer: NVIDIA GeForce GTX 960M (ID=0x139b)
    Vendor:   
    VRAM:     4054 MB
    Driver:   31.0.15.3598
Initialize mono
Mono path[0] = 'C:/Program Files/Unity/Hub/Editor/2020.3.38f1/Editor/Data/Managed'
Mono path[1] = 'C:/Program Files/Unity/Hub/Editor/2020.3.38f1/Editor/Data/MonoBleedingEdge/lib/mono/unityjit'
Mono config path = 'C:/Program Files/Unity/Hub/Editor/2020.3.38f1/Editor/Data/MonoBleedingEdge/etc'
Using monoOptions --debugger-agent=transport=dt_socket,embedding=1,server=y,suspend=n,address=127.0.0.1:56108
Begin MonoManager ReloadAssembly
Registering precompiled unity dll's ...
Register platform support module: C:/Program Files/Unity/Hub/Editor/2020.3.38f1/Editor/Data/PlaybackEngines/WebGLSupport/UnityEditor.WebGL.Extensions.dll
Register platform support module: C:/Program Files/Unity/Hub/Editor/2020.3.38f1/Editor/Data/PlaybackEngines/WindowsStandaloneSupport/UnityEditor.WindowsStandalone.Extensions.dll
Registered in 0.005396 seconds.
Native extension for WindowsStandalone target not found
Native extension for WebGL target not found
Refreshing native plugins compatible for Editor in 58.58 ms, found 3 plugins.
Preloading 0 native plugins for Editor in 0.00 ms.
Mono: successfully reloaded assembly
- Completed reload, in  0.949 seconds
Domain Reload Profiling:
	ReloadAssembly (950ms)
		BeginReloadAssembly (113ms)
			ExecutionOrderSort (0ms)
			DisableScriptedObjects (0ms)
			BackupInstance (0ms)
			ReleaseScriptingObjects (0ms)
			CreateAndSetChildDomain (1ms)
		EndReloadAssembly (716ms)
			LoadAssemblies (113ms)
			RebuildTransferFunctionScriptingTraits (0ms)
			SetupTypeCache (254ms)
			ReleaseScriptCaches (0ms)
			RebuildScriptCaches (44ms)
			SetupLoadedEditorAssemblies (269ms)
				LogAssemblyErrors (0ms)
				InitializePlatformSupportModulesInManaged (7ms)
				SetLoadedEditorAssemblies (0ms)
				RefreshPlugins (59ms)
				BeforeProcessingInitializeOnLoad (22ms)
				ProcessInitializeOnLoadAttributes (127ms)
				ProcessInitializeOnLoadMethodAttributes (54ms)
				AfterProcessingInitializeOnLoad (0ms)
				EditorAssembliesLoaded (0ms)
			ExecutionOrderSort2 (0ms)
			AwakeInstancesAfterBackupRestoration (0ms)
Platform modules already initialized, skipping
Registering precompiled user dll's ...
Registered in 0.003976 seconds.
Begin MonoManager ReloadAssembly
Symbol file data-00000195250A7010 doesn't match image D:\UnityProjectsD\SpaceWarTurkcellGYUnity\UzayOyunuTGY\Library\ScriptAssemblies\Unity.2D.Animation.Editor.dll
Symbol file LoadedFromMemory is not a mono symbol file
Symbol file data-0000019520B6C110 doesn't match image D:\UnityProjectsD\SpaceWarTurkcellGYUnity\UzayOyunuTGY\Library\ScriptAssemblies\Unity.InternalAPIEngineBridge.001.dll
Symbol file LoadedFromMemory is not a mono symbol file
Symbol file data-0000019525F89E30 doesn't match image D:\UnityProjectsD\SpaceWarTurkcellGYUnity\UzayOyunuTGY\Library\ScriptAssemblies\Unity.VSCode.Editor.dll
Symbol file LoadedFromMemory is not a mono symbol file
Symbol file data-00000195267468B0 doesn't match image D:\UnityProjectsD\SpaceWarTurkcellGYUnity\UzayOyunuTGY\Library\ScriptAssemblies\Unity.2D.PixelPerfect.dll
Symbol file LoadedFromMemory is not a mono symbol file
Symbol file data-00000195250CBC20 doesn't match image D:\UnityProjectsD\SpaceWarTurkcellGYUnity\UzayOyunuTGY\Library\ScriptAssemblies\Unity.2D.Tilemap.Editor.dll
Symbol file LoadedFromMemory is not a mono symbol file
Symbol file data-00000195250DF030 doesn't match image D:\UnityProjectsD\SpaceWarTurkcellGYUnity\UzayOyunuTGY\Library\ScriptAssemblies\PsdPlugin.dll
Symbol file LoadedFromMemory is not a mono symbol file
Symbol file data-00000195248AE020 doesn't match image D:\UnityProjectsD\SpaceWarTurkcellGYUnity\UzayOyunuTGY\Library\ScriptAssemblies\Unity.TextMeshPro.Editor.dll
Symbol file LoadedFromMemory is not a mono symbol file
Symbol file data-000001952482C910 doesn't match image D:\UnityProjectsD\SpaceWarTurkcellGYUnity\UzayOyunuTGY\Library\ScriptAssemblies\Unity.VisualStudio.Editor.dll
Symbol file LoadedFromMemory is not a mono symbol file
Symbol file data-0000019525FB1A10 doesn't match image D:\UnityProjectsD\SpaceWarTurkcellGYUnity\UzayOyunuTGY\Library\ScriptAssemblies\UnityEngine.TestRunner.dll
Symbol file LoadedFromMemory is not a mono symbol file
Symbol file data-00000195248DE040 doesn't match image D:\UnityProjectsD\SpaceWarTurkcellGYUnity\UzayOyunuTGY\Library\ScriptAssemblies\Unity.Timeline.dll
Symbol file LoadedFromMemory is not a mono symbol file
Symbol file data-0000019525D2E030 doesn't match image D:\UnityProjectsD\SpaceWarTurkcellGYUnity\UzayOyunuTGY\Library\ScriptAssemblies\Unity.TextMeshPro.dll
Symbol file LoadedFromMemory is not a mono symbol file
Symbol file data-00000195248DE040 doesn't match image D:\UnityProjectsD\SpaceWarTurkcellGYUnity\UzayOyunuTGY\Library\ScriptAssemblies\UnityEditor.TestRunner.dll
Symbol file LoadedFromMemory is not a mono symbol file
Symbol file data-0000019525F89E30 doesn't match image D:\UnityProjectsD\SpaceWarTurkcellGYUnity\UzayOyunuTGY\Library\ScriptAssemblies\Unity.2D.IK.Editor.dll
Symbol file LoadedFromMemory is not a mono symbol file
Symbol file data-00000195248DE040 doesn't match image D:\UnityProjectsD\SpaceWarTurkcellGYUnity\UzayOyunuTGY\Library\ScriptAssemblies\Unity.2D.Sprite.Editor.dll
Symbol file LoadedFromMemory is not a mono symbol file
Symbol file data-000001952482C910 doesn't match image D:\UnityProjectsD\SpaceWarTurkcellGYUnity\UzayOyunuTGY\Library\ScriptAssemblies\Unity.2D.Psdimporter.Editor.dll
Symbol file LoadedFromMemory is not a mono symbol file
Symbol file data-00000195246552F0 doesn't match image D:\UnityProjectsD\SpaceWarTurkcellGYUnity\UzayOyunuTGY\Library\ScriptAssemblies\Unity.2D.Path.Editor.dll
Symbol file LoadedFromMemory is not a mono symbol file
Symbol file data-0000019524FECE50 doesn't match image D:\UnityProjectsD\SpaceWarTurkcellGYUnity\UzayOyunuTGY\Library\ScriptAssemblies\Unity.InternalAPIEditorBridge.001.dll
Symbol file LoadedFromMemory is not a mono symbol file
Symbol file data-000001952482C910 doesn't match image D:\UnityProjectsD\SpaceWarTurkcellGYUnity\UzayOyunuTGY\Library\ScriptAssemblies\UnityEditor.UI.dll
Symbol file LoadedFromMemory is not a mono symbol file
Symbol file data-000001952140F9B0 doesn't match image D:\UnityProjectsD\SpaceWarTurkcellGYUnity\UzayOyunuTGY\Library\ScriptAssemblies\Unity.PlasticSCM.Editor.dll
Symbol file LoadedFromMemory is not a mono symbol file
Symbol file data-000001952465D300 doesn't match image D:\UnityProjectsD\SpaceWarTurkcellGYUnity\UzayOyunuTGY\Library\ScriptAssemblies\Unity.Rider.Editor.dll
Symbol file LoadedFromMemory is not a mono symbol file
Symbol file data-000001952675BF90 doesn't match image D:\UnityProjectsD\SpaceWarTurkcellGYUnity\UzayOyunuTGY\Library\ScriptAssemblies\UnityEngine.UI.dll
Symbol file LoadedFromMemory is not a mono symbol file
Symbol file data-000001952675BF90 doesn't match image D:\UnityProjectsD\SpaceWarTurkcellGYUnity\UzayOyunuTGY\Library\ScriptAssemblies\Unity.Mathematics.dll
Symbol file LoadedFromMemory is not a mono symbol file
Symbol file data-0000019525F89E30 doesn't match image D:\UnityProjectsD\SpaceWarTurkcellGYUnity\UzayOyunuTGY\Library\ScriptAssemblies\Unity.2D.IK.Runtime.dll
Symbol file LoadedFromMemory is not a mono symbol file
Symbol file data-000001952465D300 doesn't match image D:\UnityProjectsD\SpaceWarTurkcellGYUnity\UzayOyunuTGY\Library\ScriptAssemblies\Unity.Services.Core.Editor.dll
Symbol file LoadedFromMemory is not a mono symbol file
Symbol file data-0000019526789BA0 doesn't match image D:\UnityProjectsD\SpaceWarTurkcellGYUnity\UzayOyunuTGY\Library\ScriptAssemblies\Unity.2D.Animation.Triangle.Editor.dll
Symbol file LoadedFromMemory is not a mono symbol file
Symbol file data-00000195248EF450 doesn't match image D:\UnityProjectsD\SpaceWarTurkcellGYUnity\UzayOyunuTGY\Library\ScriptAssemblies\Unity.2D.Animation.Runtime.dll
Symbol file LoadedFromMemory is not a mono symbol file
Symbol file data-00000195249F5070 doesn't match image D:\UnityProjectsD\SpaceWarTurkcellGYUnity\UzayOyunuTGY\Library\ScriptAssemblies\Unity.2D.PixelPerfect.Editor.dll
Symbol file LoadedFromMemory is not a mono symbol file
Symbol file data-0000019524F22020 doesn't match image D:\UnityProjectsD\SpaceWarTurkcellGYUnity\UzayOyunuTGY\Library\ScriptAssemblies\Unity.Timeline.Editor.dll
Symbol file LoadedFromMemory is not a mono symbol file
Symbol file data-00000195267933B0 doesn't match image D:\UnityProjectsD\SpaceWarTurkcellGYUnity\UzayOyunuTGY\Library\ScriptAssemblies\Unity.CollabProxy.Editor.dll
Symbol file LoadedFromMemory is not a mono symbol file
Symbol file data-0000019521596030 doesn't match image D:\UnityProjectsD\SpaceWarTurkcellGYUnity\UzayOyunuTGY\Library\ScriptAssemblies\Unity.Mathematics.Editor.dll
Symbol file LoadedFromMemory is not a mono symbol file
Symbol file data-00000195246106F0 doesn't match image D:\UnityProjectsD\SpaceWarTurkcellGYUnity\UzayOyunuTGY\Library\ScriptAssemblies\Unity.2D.Common.Runtime.dll
Symbol file LoadedFromMemory is not a mono symbol file
Symbol file data-0000019521456DD0 doesn't match image D:\UnityProjectsD\SpaceWarTurkcellGYUnity\UzayOyunuTGY\Library\ScriptAssemblies\Unity.2D.SpriteShape.Editor.dll
Symbol file LoadedFromMemory is not a mono symbol file
Symbol file data-000001952669A030 doesn't match image D:\UnityProjectsD\SpaceWarTurkcellGYUnity\UzayOyunuTGY\Library\ScriptAssemblies\Unity.2D.Common.Editor.dll
Symbol file LoadedFromMemory is not a mono symbol file
Symbol file data-0000019524F3EC30 doesn't match image D:\UnityProjectsD\SpaceWarTurkcellGYUnity\UzayOyunuTGY\Library\ScriptAssemblies\Unity.2D.SpriteShape.Runtime.dll
Symbol file LoadedFromMemory is not a mono symbol file
Native extension for WindowsStandalone target not found
Native extension for WebGL target not found
Refreshing native plugins compatible for Editor in 71.90 ms, found 3 plugins.
Preloading 0 native plugins for Editor in 0.00 ms.
Mono: successfully reloaded assembly
- Completed reload, in  1.716 seconds
Domain Reload Profiling:
	ReloadAssembly (1717ms)
		BeginReloadAssembly (222ms)
			ExecutionOrderSort (0ms)
			DisableScriptedObjects (6ms)
			BackupInstance (0ms)
			ReleaseScriptingObjects (0ms)
			CreateAndSetChildDomain (27ms)
		EndReloadAssembly (1412ms)
			LoadAssemblies (144ms)
			RebuildTransferFunctionScriptingTraits (0ms)
			SetupTypeCache (489ms)
			ReleaseScriptCaches (1ms)
			RebuildScriptCaches (77ms)
			SetupLoadedEditorAssemblies (493ms)
				LogAssemblyErrors (0ms)
				InitializePlatformSupportModulesInManaged (6ms)
				SetLoadedEditorAssemblies (0ms)
				RefreshPlugins (72ms)
				BeforeProcessingInitializeOnLoad (111ms)
				ProcessInitializeOnLoadAttributes (265ms)
				ProcessInitializeOnLoadMethodAttributes (28ms)
				AfterProcessingInitializeOnLoad (10ms)
				EditorAssembliesLoaded (0ms)
			ExecutionOrderSort2 (0ms)
			AwakeInstancesAfterBackupRestoration (4ms)
Platform modules already initialized, skipping
========================================================================
Worker process is ready to serve import requests
Launched and connected shader compiler UnityShaderCompiler.exe after 0.08 seconds
Refreshing native plugins compatible for Editor in 0.98 ms, found 3 plugins.
Preloading 0 native plugins for Editor in 0.00 ms.
Unloading 2241 Unused Serialized files (Serialized files now loaded: 0)
System memory in use before: 98.5 MB.
System memory in use after: 98.4 MB.

Unloading 31 unused Assets to reduce memory usage. Loaded Objects now: 2677.
Total: 4.397500 ms (FindLiveObjects: 0.216900 ms CreateObjectMapping: 0.130100 ms MarkObjects: 3.847400 ms  DeleteObjects: 0.202000 ms)

AssetImportParameters requested are different than current active one (requested -> active):
  custom:framework-win-MediaFoundation: 216162199b28c13a410421893ffa2e32 -> 
  custom:video-decoder-ogg-theora: a1e56fd34408186e4bbccfd4996cb3dc -> 
  custom:container-muxer-webm: aa71ff27fc2769a1b78a27578f13a17b -> 
  custom:container-demuxer-webm: 4f35f7cbe854078d1ac9338744f61a02 -> 
  custom:container-demuxer-ogg: 62fdf1f143b41e24485cea50d1cbac27 -> 
  custom:video-encoder-webm-vp8: eb34c28f22e8b96e1ab97ce403110664 -> 
  custom:video-decoder-webm-vp8: 9c59270c3fd7afecdb556c50c9e8de78 -> 
  custom:audio-decoder-ogg-vorbis: bf7c407c2cedff20999df2af8eb42d56 -> 
  custom:audio-encoder-webm-vorbis: bf7c407c2cedff20999df2af8eb42d56 -> 
========================================================================
Received Import Request.
  path: Assets/GameFolder/Materials/AsteroidMateryal.physicsMaterial2D
  artifactKey: Guid(ab08be7c7bf52e2428c9678365352cf4) Importer(815301076,1909f56bfc062723c751e8b465ee728b)
Start importing Assets/GameFolder/Materials/AsteroidMateryal.physicsMaterial2D using Guid(ab08be7c7bf52e2428c9678365352cf4) Importer(815301076,1909f56bfc062723c751e8b465ee728b)  -> (artifact id: 'be6526764860477d68856549b75d1e63') in 0.076507 seconds 
========================================================================
Received Import Request.
  Time since last request: 28.721673 seconds.
  path: Assets/GameFolder/Prefabs/Projectiles/Projectile.prefab
  artifactKey: Guid(4b6ae473a25130445b3fbb79a26db4b1) Importer(815301076,1909f56bfc062723c751e8b465ee728b)
Start importing Assets/GameFolder/Prefabs/Projectiles/Projectile.prefab using Guid(4b6ae473a25130445b3fbb79a26db4b1) Importer(815301076,1909f56bfc062723c751e8b465ee728b)  -> (artifact id: 'efcdc9869784cad40783a03b84728d35') in 0.112195 seconds 
========================================================================
Received Prepare
Registering precompiled user dll's ...
Registered in 0.003199 seconds.
Begin MonoManager ReloadAssembly
Symbol file data-0000019524C7D010 doesn't match image D:\UnityProjectsD\SpaceWarTurkcellGYUnity\UzayOyunuTGY\Library\ScriptAssemblies\Unity.2D.Animation.Editor.dll
Symbol file LoadedFromMemory is not a mono symbol file
Symbol file data-000001952A6B1270 doesn't match image D:\UnityProjectsD\SpaceWarTurkcellGYUnity\UzayOyunuTGY\Library\ScriptAssemblies\Unity.InternalAPIEngineBridge.001.dll
Symbol file LoadedFromMemory is not a mono symbol file
Symbol file data-0000019524775A30 doesn't match image D:\UnityProjectsD\SpaceWarTurkcellGYUnity\UzayOyunuTGY\Library\ScriptAssemblies\Unity.VSCode.Editor.dll
Symbol file LoadedFromMemory is not a mono symbol file
Symbol file data-0000019529264A30 doesn't match image D:\UnityProjectsD\SpaceWarTurkcellGYUnity\UzayOyunuTGY\Library\ScriptAssemblies\Unity.2D.PixelPerfect.dll
Symbol file LoadedFromMemory is not a mono symbol file
Symbol file data-0000019524757BA0 doesn't match image D:\UnityProjectsD\SpaceWarTurkcellGYUnity\UzayOyunuTGY\Library\ScriptAssemblies\Unity.2D.Tilemap.Editor.dll
Symbol file LoadedFromMemory is not a mono symbol file
Symbol file data-0000019524CA1C20 doesn't match image D:\UnityProjectsD\SpaceWarTurkcellGYUnity\UzayOyunuTGY\Library\ScriptAssemblies\PsdPlugin.dll
Symbol file LoadedFromMemory is not a mono symbol file
Symbol file data-000001952A747970 doesn't match image D:\UnityProjectsD\SpaceWarTurkcellGYUnity\UzayOyunuTGY\Library\ScriptAssemblies\Unity.TextMeshPro.Editor.dll
Symbol file LoadedFromMemory is not a mono symbol file
Symbol file data-000001952964E430 doesn't match image D:\UnityProjectsD\SpaceWarTurkcellGYUnity\UzayOyunuTGY\Library\ScriptAssemblies\Unity.VisualStudio.Editor.dll
Symbol file LoadedFromMemory is not a mono symbol file
Symbol file data-0000019524CA1C20 doesn't match image D:\UnityProjectsD\SpaceWarTurkcellGYUnity\UzayOyunuTGY\Library\ScriptAssemblies\UnityEngine.TestRunner.dll
Symbol file LoadedFromMemory is not a mono symbol file
Symbol file data-0000019524757BA0 doesn't match image D:\UnityProjectsD\SpaceWarTurkcellGYUnity\UzayOyunuTGY\Library\ScriptAssemblies\Unity.Timeline.dll
Symbol file LoadedFromMemory is not a mono symbol file
Symbol file data-0000019525CE0010 doesn't match image D:\UnityProjectsD\SpaceWarTurkcellGYUnity\UzayOyunuTGY\Library\ScriptAssemblies\Unity.TextMeshPro.dll
Symbol file LoadedFromMemory is not a mono symbol file
Symbol file data-00000195278BF010 doesn't match image D:\UnityProjectsD\SpaceWarTurkcellGYUnity\UzayOyunuTGY\Library\ScriptAssemblies\UnityEditor.TestRunner.dll
Symbol file LoadedFromMemory is not a mono symbol file
Symbol file data-000001952687A870 doesn't match image D:\UnityProjectsD\SpaceWarTurkcellGYUnity\UzayOyunuTGY\Library\ScriptAssemblies\Unity.2D.IK.Editor.dll
Symbol file LoadedFromMemory is not a mono symbol file
Symbol file data-0000019524757BA0 doesn't match image D:\UnityProjectsD\SpaceWarTurkcellGYUnity\UzayOyunuTGY\Library\ScriptAssemblies\Unity.2D.Sprite.Editor.dll
Symbol file LoadedFromMemory is not a mono symbol file
Symbol file data-000001952A144060 doesn't match image D:\UnityProjectsD\SpaceWarTurkcellGYUnity\UzayOyunuTGY\Library\ScriptAssemblies\Unity.2D.Psdimporter.Editor.dll
Symbol file LoadedFromMemory is not a mono symbol file
Symbol file data-000001952A144060 doesn't match image D:\UnityProjectsD\SpaceWarTurkcellGYUnity\UzayOyunuTGY\Library\ScriptAssemblies\Unity.2D.Path.Editor.dll
Symbol file LoadedFromMemory is not a mono symbol file
Symbol file data-000001952991C540 doesn't match image D:\UnityProjectsD\SpaceWarTurkcellGYUnity\UzayOyunuTGY\Library\ScriptAssemblies\Unity.InternalAPIEditorBridge.001.dll
Symbol file LoadedFromMemory is not a mono symbol file
Symbol file data-0000019524757BA0 doesn't match image D:\UnityProjectsD\SpaceWarTurkcellGYUnity\UzayOyunuTGY\Library\ScriptAssemblies\UnityEditor.UI.dll
Symbol file LoadedFromMemory is not a mono symbol file
Symbol file data-0000019524E3F010 doesn't match image D:\UnityProjectsD\SpaceWarTurkcellGYUnity\UzayOyunuTGY\Library\ScriptAssemblies\Unity.PlasticSCM.Editor.dll
Symbol file LoadedFromMemory is not a mono symbol file
Symbol file data-00000195248A6040 doesn't match image D:\UnityProjectsD\SpaceWarTurkcellGYUnity\UzayOyunuTGY\Library\ScriptAssemblies\Unity.Rider.Editor.dll
Symbol file LoadedFromMemory is not a mono symbol file
Symbol file data-0000019529AD6690 doesn't match image D:\UnityProjectsD\SpaceWarTurkcellGYUnity\UzayOyunuTGY\Library\ScriptAssemblies\UnityEngine.UI.dll
Symbol file LoadedFromMemory is not a mono symbol file
Symbol file data-00000195261DC010 doesn't match image D:\UnityProjectsD\SpaceWarTurkcellGYUnity\UzayOyunuTGY\Library\ScriptAssemblies\Unity.Mathematics.dll
Symbol file LoadedFromMemory is not a mono symbol file
Symbol file data-000001952687A870 doesn't match image D:\UnityProjectsD\SpaceWarTurkcellGYUnity\UzayOyunuTGY\Library\ScriptAssemblies\Unity.2D.IK.Runtime.dll
Symbol file LoadedFromMemory is not a mono symbol file
Symbol file data-00000195248A6040 doesn't match image D:\UnityProjectsD\SpaceWarTurkcellGYUnity\UzayOyunuTGY\Library\ScriptAssemblies\Unity.Services.Core.Editor.dll
Symbol file LoadedFromMemory is not a mono symbol file
Symbol file data-0000019529AD6690 doesn't match image D:\UnityProjectsD\SpaceWarTurkcellGYUnity\UzayOyunuTGY\Library\ScriptAssemblies\Unity.2D.Animation.Triangle.Editor.dll
Symbol file LoadedFromMemory is not a mono symbol file
Symbol file data-000001952637EFF0 doesn't match image D:\UnityProjectsD\SpaceWarTurkcellGYUnity\UzayOyunuTGY\Library\ScriptAssemblies\Unity.2D.Animation.Runtime.dll
Symbol file LoadedFromMemory is not a mono symbol file
Symbol file data-000001952165E000 doesn't match image D:\UnityProjectsD\SpaceWarTurkcellGYUnity\UzayOyunuTGY\Library\ScriptAssemblies\Unity.2D.PixelPerfect.Editor.dll
Symbol file LoadedFromMemory is not a mono symbol file
Symbol file data-00000195210E1F50 doesn't match image D:\UnityProjectsD\SpaceWarTurkcellGYUnity\UzayOyunuTGY\Library\ScriptAssemblies\Unity.Timeline.Editor.dll
Symbol file LoadedFromMemory is not a mono symbol file
Symbol file data-000001952155F010 doesn't match image D:\UnityProjectsD\SpaceWarTurkcellGYUnity\UzayOyunuTGY\Library\ScriptAssemblies\Unity.CollabProxy.Editor.dll
Symbol file LoadedFromMemory is not a mono symbol file
Symbol file data-00000195249E2820 doesn't match image D:\UnityProjectsD\SpaceWarTurkcellGYUnity\UzayOyunuTGY\Library\ScriptAssemblies\Unity.Mathematics.Editor.dll
Symbol file LoadedFromMemory is not a mono symbol file
Symbol file data-000001952A4A0E10 doesn't match image D:\UnityProjectsD\SpaceWarTurkcellGYUnity\UzayOyunuTGY\Library\ScriptAssemblies\Unity.2D.Common.Runtime.dll
Symbol file LoadedFromMemory is not a mono symbol file
Symbol file data-000001952905AE40 doesn't match image D:\UnityProjectsD\SpaceWarTurkcellGYUnity\UzayOyunuTGY\Library\ScriptAssemblies\Unity.2D.SpriteShape.Editor.dll
Symbol file LoadedFromMemory is not a mono symbol file
Symbol file data-0000019524775A30 doesn't match image D:\UnityProjectsD\SpaceWarTurkcellGYUnity\UzayOyunuTGY\Library\ScriptAssemblies\Unity.2D.Common.Editor.dll
Symbol file LoadedFromMemory is not a mono symbol file
Symbol file data-000001952600E060 doesn't match image D:\UnityProjectsD\SpaceWarTurkcellGYUnity\UzayOyunuTGY\Library\ScriptAssemblies\Unity.2D.SpriteShape.Runtime.dll
Symbol file LoadedFromMemory is not a mono symbol file
Native extension for WindowsStandalone target not found
Native extension for WebGL target not found
Refreshing native plugins compatible for Editor in 0.52 ms, found 3 plugins.
Preloading 0 native plugins for Editor in 0.00 ms.
Mono: successfully reloaded assembly
- Completed reload, in  1.508 seconds
Domain Reload Profiling:
	ReloadAssembly (1508ms)
		BeginReloadAssembly (167ms)
			ExecutionOrderSort (0ms)
			DisableScriptedObjects (8ms)
			BackupInstance (0ms)
			ReleaseScriptingObjects (0ms)
			CreateAndSetChildDomain (48ms)
		EndReloadAssembly (1262ms)
			LoadAssemblies (145ms)
			RebuildTransferFunctionScriptingTraits (0ms)
			SetupTypeCache (397ms)
			ReleaseScriptCaches (1ms)
			RebuildScriptCaches (64ms)
			SetupLoadedEditorAssemblies (460ms)
				LogAssemblyErrors (0ms)
				InitializePlatformSupportModulesInManaged (9ms)
				SetLoadedEditorAssemblies (1ms)
				RefreshPlugins (1ms)
				BeforeProcessingInitializeOnLoad (135ms)
				ProcessInitializeOnLoadAttributes (287ms)
				ProcessInitializeOnLoadMethodAttributes (20ms)
				AfterProcessingInitializeOnLoad (8ms)
				EditorAssembliesLoaded (0ms)
			ExecutionOrderSort2 (0ms)
			AwakeInstancesAfterBackupRestoration (6ms)
Platform modules already initialized, skipping
Refreshing native plugins compatible for Editor in 1.43 ms, found 3 plugins.
Preloading 0 native plugins for Editor in 0.00 ms.
Unloading 2236 Unused Serialized files (Serialized files now loaded: 0)
System memory in use before: 101.4 MB.
System memory in use after: 101.4 MB.

Unloading 20 unused Assets to reduce memory usage. Loaded Objects now: 2688.
Total: 3.950900 ms (FindLiveObjects: 0.194800 ms CreateObjectMapping: 0.106600 ms MarkObjects: 3.473300 ms  DeleteObjects: 0.175200 ms)

AssetImportParameters requested are different than current active one (requested -> active):
  custom:framework-win-MediaFoundation: 216162199b28c13a410421893ffa2e32 -> 
  custom:video-decoder-ogg-theora: a1e56fd34408186e4bbccfd4996cb3dc -> 
  custom:container-muxer-webm: aa71ff27fc2769a1b78a27578f13a17b -> 
  custom:container-demuxer-webm: 4f35f7cbe854078d1ac9338744f61a02 -> 
  custom:container-demuxer-ogg: 62fdf1f143b41e24485cea50d1cbac27 -> 
  custom:video-encoder-webm-vp8: eb34c28f22e8b96e1ab97ce403110664 -> 
  custom:video-decoder-webm-vp8: 9c59270c3fd7afecdb556c50c9e8de78 -> 
  custom:audio-decoder-ogg-vorbis: bf7c407c2cedff20999df2af8eb42d56 -> 
  custom:audio-encoder-webm-vorbis: bf7c407c2cedff20999df2af8eb42d56 -> 
========================================================================
Received Prepare
Registering precompiled user dll's ...
Registered in 0.002784 seconds.
Begin MonoManager ReloadAssembly
Symbol file data-00000195210E1F50 doesn't match image D:\UnityProjectsD\SpaceWarTurkcellGYUnity\UzayOyunuTGY\Library\ScriptAssemblies\Unity.2D.Animation.Editor.dll
Symbol file LoadedFromMemory is not a mono symbol file
Symbol file data-000001952A6B2530 doesn't match image D:\UnityProjectsD\SpaceWarTurkcellGYUnity\UzayOyunuTGY\Library\ScriptAssemblies\Unity.InternalAPIEngineBridge.001.dll
Symbol file LoadedFromMemory is not a mono symbol file
Symbol file data-00000195275F5040 doesn't match image D:\UnityProjectsD\SpaceWarTurkcellGYUnity\UzayOyunuTGY\Library\ScriptAssemblies\Unity.VSCode.Editor.dll
Symbol file LoadedFromMemory is not a mono symbol file
Symbol file data-0000019525369360 doesn't match image D:\UnityProjectsD\SpaceWarTurkcellGYUnity\UzayOyunuTGY\Library\ScriptAssemblies\Unity.2D.PixelPerfect.dll
Symbol file LoadedFromMemory is not a mono symbol file
Symbol file data-000001952AA0A010 doesn't match image D:\UnityProjectsD\SpaceWarTurkcellGYUnity\UzayOyunuTGY\Library\ScriptAssemblies\Unity.2D.Tilemap.Editor.dll
Symbol file LoadedFromMemory is not a mono symbol file
Symbol file data-000001952AA0A010 doesn't match image D:\UnityProjectsD\SpaceWarTurkcellGYUnity\UzayOyunuTGY\Library\ScriptAssemblies\PsdPlugin.dll
Symbol file LoadedFromMemory is not a mono symbol file
Symbol file data-000001952AA0A010 doesn't match image D:\UnityProjectsD\SpaceWarTurkcellGYUnity\UzayOyunuTGY\Library\ScriptAssemblies\Unity.TextMeshPro.Editor.dll
Symbol file LoadedFromMemory is not a mono symbol file
Symbol file data-00000195249FB7B0 doesn't match image D:\UnityProjectsD\SpaceWarTurkcellGYUnity\UzayOyunuTGY\Library\ScriptAssemblies\Unity.VisualStudio.Editor.dll
Symbol file LoadedFromMemory is not a mono symbol file
Symbol file data-000001952600E060 doesn't match image D:\UnityProjectsD\SpaceWarTurkcellGYUnity\UzayOyunuTGY\Library\ScriptAssemblies\UnityEngine.TestRunner.dll
Symbol file LoadedFromMemory is not a mono symbol file
Symbol file data-000001952600E060 doesn't match image D:\UnityProjectsD\SpaceWarTurkcellGYUnity\UzayOyunuTGY\Library\ScriptAssemblies\Unity.Timeline.dll
Symbol file LoadedFromMemory is not a mono symbol file
Symbol file data-000001952710E010 doesn't match image D:\UnityProjectsD\SpaceWarTurkcellGYUnity\UzayOyunuTGY\Library\ScriptAssemblies\Unity.TextMeshPro.dll
Symbol file LoadedFromMemory is not a mono symbol file
Symbol file data-00000195278BF010 doesn't match image D:\UnityProjectsD\SpaceWarTurkcellGYUnity\UzayOyunuTGY\Library\ScriptAssemblies\UnityEditor.TestRunner.dll
Symbol file LoadedFromMemory is not a mono symbol file
Symbol file data-0000019525C9C030 doesn't match image D:\UnityProjectsD\SpaceWarTurkcellGYUnity\UzayOyunuTGY\Library\ScriptAssemblies\Unity.2D.IK.Editor.dll
Symbol file LoadedFromMemory is not a mono symbol file
Symbol file data-000001952600E060 doesn't match image D:\UnityProjectsD\SpaceWarTurkcellGYUnity\UzayOyunuTGY\Library\ScriptAssemblies\Unity.2D.Sprite.Editor.dll
Symbol file LoadedFromMemory is not a mono symbol file
Symbol file data-00000195249FB7B0 doesn't match image D:\UnityProjectsD\SpaceWarTurkcellGYUnity\UzayOyunuTGY\Library\ScriptAssemblies\Unity.2D.Psdimporter.Editor.dll
Symbol file LoadedFromMemory is not a mono symbol file
Symbol file data-000001952600E060 doesn't match image D:\UnityProjectsD\SpaceWarTurkcellGYUnity\UzayOyunuTGY\Library\ScriptAssemblies\Unity.2D.Path.Editor.dll
Symbol file LoadedFromMemory is not a mono symbol file
Symbol file data-0000019524A20B90 doesn't match image D:\UnityProjectsD\SpaceWarTurkcellGYUnity\UzayOyunuTGY\Library\ScriptAssemblies\Unity.InternalAPIEditorBridge.001.dll
Symbol file LoadedFromMemory is not a mono symbol file
Symbol file data-00000195249FB7B0 doesn't match image D:\UnityProjectsD\SpaceWarTurkcellGYUnity\UzayOyunuTGY\Library\ScriptAssemblies\UnityEditor.UI.dll
Symbol file LoadedFromMemory is not a mono symbol file
Symbol file data-0000019524E3F010 doesn't match image D:\UnityProjectsD\SpaceWarTurkcellGYUnity\UzayOyunuTGY\Library\ScriptAssemblies\Unity.PlasticSCM.Editor.dll
Symbol file LoadedFromMemory is not a mono symbol file
Symbol file data-00000195248A6040 doesn't match image D:\UnityProjectsD\SpaceWarTurkcellGYUnity\UzayOyunuTGY\Library\ScriptAssemblies\Unity.Rider.Editor.dll
Symbol file LoadedFromMemory is not a mono symbol file
Symbol file data-0000019529AD6690 doesn't match image D:\UnityProjectsD\SpaceWarTurkcellGYUnity\UzayOyunuTGY\Library\ScriptAssemblies\UnityEngine.UI.dll
Symbol file LoadedFromMemory is not a mono symbol file
Symbol file data-00000195261DC010 doesn't match image D:\UnityProjectsD\SpaceWarTurkcellGYUnity\UzayOyunuTGY\Library\ScriptAssemblies\Unity.Mathematics.dll
Symbol file LoadedFromMemory is not a mono symbol file
Symbol file data-00000195275F5040 doesn't match image D:\UnityProjectsD\SpaceWarTurkcellGYUnity\UzayOyunuTGY\Library\ScriptAssemblies\Unity.2D.IK.Runtime.dll
Symbol file LoadedFromMemory is not a mono symbol file
Symbol file data-00000195248A6040 doesn't match image D:\UnityProjectsD\SpaceWarTurkcellGYUnity\UzayOyunuTGY\Library\ScriptAssemblies\Unity.Services.Core.Editor.dll
Symbol file LoadedFromMemory is not a mono symbol file
Symbol file data-000001952474DD70 doesn't match image D:\UnityProjectsD\SpaceWarTurkcellGYUnity\UzayOyunuTGY\Library\ScriptAssemblies\Unity.2D.Animation.Triangle.Editor.dll
Symbol file LoadedFromMemory is not a mono symbol file
Symbol file data-00000195296B6930 doesn't match image D:\UnityProjectsD\SpaceWarTurkcellGYUnity\UzayOyunuTGY\Library\ScriptAssemblies\Unity.2D.Animation.Runtime.dll
Symbol file LoadedFromMemory is not a mono symbol file
Symbol file data-0000019537D50C70 doesn't match image D:\UnityProjectsD\SpaceWarTurkcellGYUnity\UzayOyunuTGY\Library\ScriptAssemblies\Unity.2D.PixelPerfect.Editor.dll
Symbol file LoadedFromMemory is not a mono symbol file
Symbol file data-000001952675BF90 doesn't match image D:\UnityProjectsD\SpaceWarTurkcellGYUnity\UzayOyunuTGY\Library\ScriptAssemblies\Unity.Timeline.Editor.dll
Symbol file LoadedFromMemory is not a mono symbol file
Symbol file data-000001952474DD70 doesn't match image D:\UnityProjectsD\SpaceWarTurkcellGYUnity\UzayOyunuTGY\Library\ScriptAssemblies\Unity.CollabProxy.Editor.dll
Symbol file LoadedFromMemory is not a mono symbol file
Symbol file data-0000019528DB51D0 doesn't match image D:\UnityProjectsD\SpaceWarTurkcellGYUnity\UzayOyunuTGY\Library\ScriptAssemblies\Unity.Mathematics.Editor.dll
Symbol file LoadedFromMemory is not a mono symbol file
Symbol file data-00000195267A86E0 doesn't match image D:\UnityProjectsD\SpaceWarTurkcellGYUnity\UzayOyunuTGY\Library\ScriptAssemblies\Unity.2D.Common.Runtime.dll
Symbol file LoadedFromMemory is not a mono symbol file
Symbol file data-000001952905AE40 doesn't match image D:\UnityProjectsD\SpaceWarTurkcellGYUnity\UzayOyunuTGY\Library\ScriptAssemblies\Unity.2D.SpriteShape.Editor.dll
Symbol file LoadedFromMemory is not a mono symbol file
Symbol file data-00000195275F5040 doesn't match image D:\UnityProjectsD\SpaceWarTurkcellGYUnity\UzayOyunuTGY\Library\ScriptAssemblies\Unity.2D.Common.Editor.dll
Symbol file LoadedFromMemory is not a mono symbol file
Symbol file data-0000019529ADE6A0 doesn't match image D:\UnityProjectsD\SpaceWarTurkcellGYUnity\UzayOyunuTGY\Library\ScriptAssemblies\Unity.2D.SpriteShape.Runtime.dll
Symbol file LoadedFromMemory is not a mono symbol file
Native extension for WindowsStandalone target not found
Native extension for WebGL target not found
Refreshing native plugins compatible for Editor in 0.55 ms, found 3 plugins.
Preloading 0 native plugins for Editor in 0.00 ms.
Mono: successfully reloaded assembly
- Completed reload, in  1.415 seconds
Domain Reload Profiling:
	ReloadAssembly (1416ms)
		BeginReloadAssembly (165ms)
			ExecutionOrderSort (0ms)
			DisableScriptedObjects (11ms)
			BackupInstance (0ms)
			ReleaseScriptingObjects (0ms)
			CreateAndSetChildDomain (43ms)
		EndReloadAssembly (1168ms)
			LoadAssemblies (147ms)
			RebuildTransferFunctionScriptingTraits (0ms)
			SetupTypeCache (409ms)
			ReleaseScriptCaches (1ms)
			RebuildScriptCaches (58ms)
			SetupLoadedEditorAssemblies (423ms)
				LogAssemblyErrors (0ms)
				InitializePlatformSupportModulesInManaged (8ms)
				SetLoadedEditorAssemblies (1ms)
				RefreshPlugins (1ms)
				BeforeProcessingInitializeOnLoad (122ms)
				ProcessInitializeOnLoadAttributes (264ms)
				ProcessInitializeOnLoadMethodAttributes (19ms)
				AfterProcessingInitializeOnLoad (8ms)
				EditorAssembliesLoaded (0ms)
			ExecutionOrderSort2 (0ms)
			AwakeInstancesAfterBackupRestoration (7ms)
Platform modules already initialized, skipping
Refreshing native plugins compatible for Editor in 0.58 ms, found 3 plugins.
Preloading 0 native plugins for Editor in 0.00 ms.
Unloading 2236 Unused Serialized files (Serialized files now loaded: 0)
System memory in use before: 101.5 MB.
System memory in use after: 101.4 MB.

Unloading 20 unused Assets to reduce memory usage. Loaded Objects now: 2691.
Total: 4.707900 ms (FindLiveObjects: 0.195800 ms CreateObjectMapping: 0.092700 ms MarkObjects: 4.224000 ms  DeleteObjects: 0.194100 ms)

AssetImportParameters requested are different than current active one (requested -> active):
  custom:framework-win-MediaFoundation: 216162199b28c13a410421893ffa2e32 -> 
  custom:video-decoder-ogg-theora: a1e56fd34408186e4bbccfd4996cb3dc -> 
  custom:container-muxer-webm: aa71ff27fc2769a1b78a27578f13a17b -> 
  custom:container-demuxer-webm: 4f35f7cbe854078d1ac9338744f61a02 -> 
  custom:container-demuxer-ogg: 62fdf1f143b41e24485cea50d1cbac27 -> 
  custom:video-encoder-webm-vp8: eb34c28f22e8b96e1ab97ce403110664 -> 
  custom:video-decoder-webm-vp8: 9c59270c3fd7afecdb556c50c9e8de78 -> 
  custom:audio-decoder-ogg-vorbis: bf7c407c2cedff20999df2af8eb42d56 -> 
  custom:audio-encoder-webm-vorbis: bf7c407c2cedff20999df2af8eb42d56 -> 
========================================================================
Received Import Request.
  Time since last request: 275.472034 seconds.
  path: Assets/GameFolder/Scripts/Controllers/GameCameraController.cs
  artifactKey: Guid(3f706cb6d4a7b0b4288d95f8a586ac50) Importer(815301076,1909f56bfc062723c751e8b465ee728b)
Start importing Assets/GameFolder/Scripts/Controllers/GameCameraController.cs using Guid(3f706cb6d4a7b0b4288d95f8a586ac50) Importer(815301076,1909f56bfc062723c751e8b465ee728b)  -> (artifact id: '478623e47adb4fd7df67b5713dd668fa') in 0.014234 seconds 
========================================================================
Received Prepare
Registering precompiled user dll's ...
Registered in 0.003769 seconds.
Begin MonoManager ReloadAssembly
Symbol file data-0000019525CE0010 doesn't match image D:\UnityProjectsD\SpaceWarTurkcellGYUnity\UzayOyunuTGY\Library\ScriptAssemblies\Unity.2D.Animation.Editor.dll
Symbol file LoadedFromMemory is not a mono symbol file
Symbol file data-000001952A6B2CB0 doesn't match image D:\UnityProjectsD\SpaceWarTurkcellGYUnity\UzayOyunuTGY\Library\ScriptAssemblies\Unity.InternalAPIEngineBridge.001.dll
Symbol file LoadedFromMemory is not a mono symbol file
Symbol file data-00000195275F5040 doesn't match image D:\UnityProjectsD\SpaceWarTurkcellGYUnity\UzayOyunuTGY\Library\ScriptAssemblies\Unity.VSCode.Editor.dll
Symbol file LoadedFromMemory is not a mono symbol file
Symbol file data-0000019525369360 doesn't match image D:\UnityProjectsD\SpaceWarTurkcellGYUnity\UzayOyunuTGY\Library\ScriptAssemblies\Unity.2D.PixelPerfect.dll
Symbol file LoadedFromMemory is not a mono symbol file
Symbol file data-000001952AA0A010 doesn't match image D:\UnityProjectsD\SpaceWarTurkcellGYUnity\UzayOyunuTGY\Library\ScriptAssemblies\Unity.2D.Tilemap.Editor.dll
Symbol file LoadedFromMemory is not a mono symbol file
Symbol file data-0000019521165020 doesn't match image D:\UnityProjectsD\SpaceWarTurkcellGYUnity\UzayOyunuTGY\Library\ScriptAssemblies\PsdPlugin.dll
Symbol file LoadedFromMemory is not a mono symbol file
Symbol file data-000001952600E060 doesn't match image D:\UnityProjectsD\SpaceWarTurkcellGYUnity\UzayOyunuTGY\Library\ScriptAssemblies\Unity.TextMeshPro.Editor.dll
Symbol file LoadedFromMemory is not a mono symbol file
Symbol file data-0000019521165020 doesn't match image D:\UnityProjectsD\SpaceWarTurkcellGYUnity\UzayOyunuTGY\Library\ScriptAssemblies\Unity.VisualStudio.Editor.dll
Symbol file LoadedFromMemory is not a mono symbol file
Symbol file data-000001952155F010 doesn't match image D:\UnityProjectsD\SpaceWarTurkcellGYUnity\UzayOyunuTGY\Library\ScriptAssemblies\UnityEngine.TestRunner.dll
Symbol file LoadedFromMemory is not a mono symbol file
Symbol file data-000001952155F010 doesn't match image D:\UnityProjectsD\SpaceWarTurkcellGYUnity\UzayOyunuTGY\Library\ScriptAssemblies\Unity.Timeline.dll
Symbol file LoadedFromMemory is not a mono symbol file
Symbol file data-0000019524CD4020 doesn't match image D:\UnityProjectsD\SpaceWarTurkcellGYUnity\UzayOyunuTGY\Library\ScriptAssemblies\Unity.TextMeshPro.dll
Symbol file LoadedFromMemory is not a mono symbol file
Symbol file data-000001952944C020 doesn't match image D:\UnityProjectsD\SpaceWarTurkcellGYUnity\UzayOyunuTGY\Library\ScriptAssemblies\UnityEditor.TestRunner.dll
Symbol file LoadedFromMemory is not a mono symbol file
Symbol file data-000001952BA6D630 doesn't match image D:\UnityProjectsD\SpaceWarTurkcellGYUnity\UzayOyunuTGY\Library\ScriptAssemblies\Unity.2D.IK.Editor.dll
Symbol file LoadedFromMemory is not a mono symbol file
Symbol file data-000001952155F010 doesn't match image D:\UnityProjectsD\SpaceWarTurkcellGYUnity\UzayOyunuTGY\Library\ScriptAssemblies\Unity.2D.Sprite.Editor.dll
Symbol file LoadedFromMemory is not a mono symbol file
Symbol file data-0000019521165020 doesn't match image D:\UnityProjectsD\SpaceWarTurkcellGYUnity\UzayOyunuTGY\Library\ScriptAssemblies\Unity.2D.Psdimporter.Editor.dll
Symbol file LoadedFromMemory is not a mono symbol file
Symbol file data-0000019521165020 doesn't match image D:\UnityProjectsD\SpaceWarTurkcellGYUnity\UzayOyunuTGY\Library\ScriptAssemblies\Unity.2D.Path.Editor.dll
Symbol file LoadedFromMemory is not a mono symbol file
Symbol file data-0000019524A22CC0 doesn't match image D:\UnityProjectsD\SpaceWarTurkcellGYUnity\UzayOyunuTGY\Library\ScriptAssemblies\Unity.InternalAPIEditorBridge.001.dll
Symbol file LoadedFromMemory is not a mono symbol file
Symbol file data-0000019521165020 doesn't match image D:\UnityProjectsD\SpaceWarTurkcellGYUnity\UzayOyunuTGY\Library\ScriptAssemblies\UnityEditor.UI.dll
Symbol file LoadedFromMemory is not a mono symbol file
Symbol file data-00000195277E7020 doesn't match image D:\UnityProjectsD\SpaceWarTurkcellGYUnity\UzayOyunuTGY\Library\ScriptAssemblies\Unity.PlasticSCM.Editor.dll
Symbol file LoadedFromMemory is not a mono symbol file
Symbol file data-0000019521165020 doesn't match image D:\UnityProjectsD\SpaceWarTurkcellGYUnity\UzayOyunuTGY\Library\ScriptAssemblies\Unity.Rider.Editor.dll
Symbol file LoadedFromMemory is not a mono symbol file
Symbol file data-000001952A890030 doesn't match image D:\UnityProjectsD\SpaceWarTurkcellGYUnity\UzayOyunuTGY\Library\ScriptAssemblies\UnityEngine.UI.dll
Symbol file LoadedFromMemory is not a mono symbol file
Symbol file data-00000195261DC010 doesn't match image D:\UnityProjectsD\SpaceWarTurkcellGYUnity\UzayOyunuTGY\Library\ScriptAssemblies\Unity.Mathematics.dll
Symbol file LoadedFromMemory is not a mono symbol file
Symbol file data-00000195254E1E50 doesn't match image D:\UnityProjectsD\SpaceWarTurkcellGYUnity\UzayOyunuTGY\Library\ScriptAssemblies\Unity.2D.IK.Runtime.dll
Symbol file LoadedFromMemory is not a mono symbol file
Symbol file data-0000019521165020 doesn't match image D:\UnityProjectsD\SpaceWarTurkcellGYUnity\UzayOyunuTGY\Library\ScriptAssemblies\Unity.Services.Core.Editor.dll
Symbol file LoadedFromMemory is not a mono symbol file
Symbol file data-0000019529C07010 doesn't match image D:\UnityProjectsD\SpaceWarTurkcellGYUnity\UzayOyunuTGY\Library\ScriptAssemblies\Unity.2D.Animation.Triangle.Editor.dll
Symbol file LoadedFromMemory is not a mono symbol file
Symbol file data-000001952ACF2120 doesn't match image D:\UnityProjectsD\SpaceWarTurkcellGYUnity\UzayOyunuTGY\Library\ScriptAssemblies\Unity.2D.Animation.Runtime.dll
Symbol file LoadedFromMemory is not a mono symbol file
Symbol file data-00000195278206F0 doesn't match image D:\UnityProjectsD\SpaceWarTurkcellGYUnity\UzayOyunuTGY\Library\ScriptAssemblies\Unity.2D.PixelPerfect.Editor.dll
Symbol file LoadedFromMemory is not a mono symbol file
Symbol file data-0000019527C1CFC0 doesn't match image D:\UnityProjectsD\SpaceWarTurkcellGYUnity\UzayOyunuTGY\Library\ScriptAssemblies\Unity.Timeline.Editor.dll
Symbol file LoadedFromMemory is not a mono symbol file
Symbol file data-0000019521110520 doesn't match image D:\UnityProjectsD\SpaceWarTurkcellGYUnity\UzayOyunuTGY\Library\ScriptAssemblies\Unity.CollabProxy.Editor.dll
Symbol file LoadedFromMemory is not a mono symbol file
Symbol file data-0000019528DB51D0 doesn't match image D:\UnityProjectsD\SpaceWarTurkcellGYUnity\UzayOyunuTGY\Library\ScriptAssemblies\Unity.Mathematics.Editor.dll
Symbol file LoadedFromMemory is not a mono symbol file
Symbol file data-000001952B968C40 doesn't match image D:\UnityProjectsD\SpaceWarTurkcellGYUnity\UzayOyunuTGY\Library\ScriptAssemblies\Unity.2D.Common.Runtime.dll
Symbol file LoadedFromMemory is not a mono symbol file
Symbol file data-0000019521110520 doesn't match image D:\UnityProjectsD\SpaceWarTurkcellGYUnity\UzayOyunuTGY\Library\ScriptAssemblies\Unity.2D.SpriteShape.Editor.dll
Symbol file LoadedFromMemory is not a mono symbol file
Symbol file data-000001952679AA60 doesn't match image D:\UnityProjectsD\SpaceWarTurkcellGYUnity\UzayOyunuTGY\Library\ScriptAssemblies\Unity.2D.Common.Editor.dll
Symbol file LoadedFromMemory is not a mono symbol file
Symbol file data-00000195278BF010 doesn't match image D:\UnityProjectsD\SpaceWarTurkcellGYUnity\UzayOyunuTGY\Library\ScriptAssemblies\Unity.2D.SpriteShape.Runtime.dll
Symbol file LoadedFromMemory is not a mono symbol file
Native extension for WindowsStandalone target not found
Native extension for WebGL target not found
Refreshing native plugins compatible for Editor in 0.48 ms, found 3 plugins.
Preloading 0 native plugins for Editor in 0.00 ms.
Mono: successfully reloaded assembly
- Completed reload, in  1.450 seconds
Domain Reload Profiling:
	ReloadAssembly (1451ms)
		BeginReloadAssembly (174ms)
			ExecutionOrderSort (0ms)
			DisableScriptedObjects (8ms)
			BackupInstance (0ms)
			ReleaseScriptingObjects (0ms)
			CreateAndSetChildDomain (48ms)
		EndReloadAssembly (1159ms)
			LoadAssemblies (167ms)
			RebuildTransferFunctionScriptingTraits (0ms)
			SetupTypeCache (419ms)
			ReleaseScriptCaches (2ms)
			RebuildScriptCaches (63ms)
			SetupLoadedEditorAssemblies (426ms)
				LogAssemblyErrors (0ms)
				InitializePlatformSupportModulesInManaged (7ms)
				SetLoadedEditorAssemblies (1ms)
				RefreshPlugins (1ms)
				BeforeProcessingInitializeOnLoad (111ms)
				ProcessInitializeOnLoadAttributes (279ms)
				ProcessInitializeOnLoadMethodAttributes (18ms)
				AfterProcessingInitializeOnLoad (9ms)
				EditorAssembliesLoaded (0ms)
			ExecutionOrderSort2 (0ms)
			AwakeInstancesAfterBackupRestoration (5ms)
Platform modules already initialized, skipping
Refreshing native plugins compatible for Editor in 0.56 ms, found 3 plugins.
Preloading 0 native plugins for Editor in 0.00 ms.
Unloading 2236 Unused Serialized files (Serialized files now loaded: 0)
System memory in use before: 101.5 MB.
System memory in use after: 101.5 MB.

Unloading 20 unused Assets to reduce memory usage. Loaded Objects now: 2694.
Total: 5.301500 ms (FindLiveObjects: 0.192700 ms CreateObjectMapping: 0.091500 ms MarkObjects: 4.832600 ms  DeleteObjects: 0.183500 ms)

AssetImportParameters requested are different than current active one (requested -> active):
  custom:framework-win-MediaFoundation: 216162199b28c13a410421893ffa2e32 -> 
  custom:video-decoder-ogg-theora: a1e56fd34408186e4bbccfd4996cb3dc -> 
  custom:container-muxer-webm: aa71ff27fc2769a1b78a27578f13a17b -> 
  custom:container-demuxer-webm: 4f35f7cbe854078d1ac9338744f61a02 -> 
  custom:container-demuxer-ogg: 62fdf1f143b41e24485cea50d1cbac27 -> 
  custom:video-encoder-webm-vp8: eb34c28f22e8b96e1ab97ce403110664 -> 
  custom:video-decoder-webm-vp8: 9c59270c3fd7afecdb556c50c9e8de78 -> 
  custom:audio-decoder-ogg-vorbis: bf7c407c2cedff20999df2af8eb42d56 -> 
  custom:audio-encoder-webm-vorbis: bf7c407c2cedff20999df2af8eb42d56 -> 
========================================================================
Received Prepare
Registering precompiled user dll's ...
Registered in 0.003168 seconds.
Begin MonoManager ReloadAssembly
Native extension for WindowsStandalone target not found
Native extension for WebGL target not found
Refreshing native plugins compatible for Editor in 0.58 ms, found 3 plugins.
Preloading 0 native plugins for Editor in 0.00 ms.
Mono: successfully reloaded assembly
- Completed reload, in  1.770 seconds
Domain Reload Profiling:
	ReloadAssembly (1771ms)
		BeginReloadAssembly (183ms)
			ExecutionOrderSort (0ms)
			DisableScriptedObjects (8ms)
			BackupInstance (0ms)
			ReleaseScriptingObjects (0ms)
			CreateAndSetChildDomain (41ms)
		EndReloadAssembly (1505ms)
			LoadAssemblies (166ms)
			RebuildTransferFunctionScriptingTraits (0ms)
			SetupTypeCache (533ms)
			ReleaseScriptCaches (2ms)
			RebuildScriptCaches (124ms)
			SetupLoadedEditorAssemblies (539ms)
				LogAssemblyErrors (0ms)
				InitializePlatformSupportModulesInManaged (11ms)
				SetLoadedEditorAssemblies (1ms)
				RefreshPlugins (1ms)
				BeforeProcessingInitializeOnLoad (143ms)
				ProcessInitializeOnLoadAttributes (351ms)
				ProcessInitializeOnLoadMethodAttributes (23ms)
				AfterProcessingInitializeOnLoad (10ms)
				EditorAssembliesLoaded (0ms)
			ExecutionOrderSort2 (0ms)
			AwakeInstancesAfterBackupRestoration (6ms)
Platform modules already initialized, skipping
Refreshing native plugins compatible for Editor in 0.80 ms, found 3 plugins.
Preloading 0 native plugins for Editor in 0.00 ms.
Unloading 2236 Unused Serialized files (Serialized files now loaded: 0)
System memory in use before: 101.5 MB.
System memory in use after: 101.5 MB.

Unloading 20 unused Assets to reduce memory usage. Loaded Objects now: 2697.
Total: 3.552000 ms (FindLiveObjects: 0.175100 ms CreateObjectMapping: 0.134900 ms MarkObjects: 3.090300 ms  DeleteObjects: 0.150000 ms)

AssetImportParameters requested are different than current active one (requested -> active):
  custom:framework-win-MediaFoundation: 216162199b28c13a410421893ffa2e32 -> 
  custom:video-decoder-ogg-theora: a1e56fd34408186e4bbccfd4996cb3dc -> 
  custom:container-muxer-webm: aa71ff27fc2769a1b78a27578f13a17b -> 
  custom:container-demuxer-webm: 4f35f7cbe854078d1ac9338744f61a02 -> 
  custom:container-demuxer-ogg: 62fdf1f143b41e24485cea50d1cbac27 -> 
  custom:video-encoder-webm-vp8: eb34c28f22e8b96e1ab97ce403110664 -> 
  custom:video-decoder-webm-vp8: 9c59270c3fd7afecdb556c50c9e8de78 -> 
  custom:audio-decoder-ogg-vorbis: bf7c407c2cedff20999df2af8eb42d56 -> 
  custom:audio-encoder-webm-vorbis: bf7c407c2cedff20999df2af8eb42d56 -> 
========================================================================
Received Prepare
Refreshing native plugins compatible for Editor in 3.49 ms, found 3 plugins.
Preloading 0 native plugins for Editor in 0.00 ms.
Unloading 18 Unused Serialized files (Serialized files now loaded: 0)
System memory in use before: 57.5 MB.
System memory in use after: 57.4 MB.

Unloading 18 unused Assets to reduce memory usage. Loaded Objects now: 2697.
Total: 3.457300 ms (FindLiveObjects: 0.175100 ms CreateObjectMapping: 0.117400 ms MarkObjects: 2.909400 ms  DeleteObjects: 0.254300 ms)

AssetImportParameters requested are different than current active one (requested -> active):
  custom:framework-win-MediaFoundation: 216162199b28c13a410421893ffa2e32 -> 
  custom:video-decoder-ogg-theora: a1e56fd34408186e4bbccfd4996cb3dc -> 
  custom:container-muxer-webm: aa71ff27fc2769a1b78a27578f13a17b -> 
  custom:container-demuxer-webm: 4f35f7cbe854078d1ac9338744f61a02 -> 
  custom:container-demuxer-ogg: 62fdf1f143b41e24485cea50d1cbac27 -> 
  custom:video-encoder-webm-vp8: eb34c28f22e8b96e1ab97ce403110664 -> 
  custom:video-decoder-webm-vp8: 9c59270c3fd7afecdb556c50c9e8de78 -> 
  custom:audio-decoder-ogg-vorbis: bf7c407c2cedff20999df2af8eb42d56 -> 
  custom:audio-encoder-webm-vorbis: bf7c407c2cedff20999df2af8eb42d56 -> 
AssetImportWorkerClient::OnTransportError - code=2 error=End of file
